<?xml version="1.0" encoding="UTF-8"?>
<!-- Generated by org.testng.reporters.JUnitReportReporter -->
<testsuite hostname="tylr-alekseyst" name="testgrid.TestGridClass" tests="1" failures="0" timestamp="9 Nov 2017 06:39:25 GMT" time="15.077" errors="0">
  <testcase name="calculatepercent" time="15.077" classname="testgrid.TestGridClass"/>
</testsuite>
