<?xml version="1.0" encoding="UTF-8"?>
<!-- Generated by org.testng.reporters.JUnitReportReporter -->
<testsuite hostname="tylr-alekseyst" name="testgrid.TestGridClassArray" tests="1" failures="0" timestamp="5 Nov 2018 14:51:38 GMT" time="569.628" errors="0">
  <testcase name="idupeshcomArticles" time="569.628" classname="testgrid.TestGridClassArray"/>
</testsuite>
